2022-01-22 12:05:43,001 INFO o.a.j.u.JMeterUtils: Setting Locale to en_EN
2022-01-22 12:05:43,012 INFO o.a.j.JMeter: Loading user properties from: user.properties
2022-01-22 12:05:43,013 INFO o.a.j.JMeter: Loading system properties from: system.properties
2022-01-22 12:05:43,021 INFO o.a.j.JMeter: Copyright (c) 1998-2021 The Apache Software Foundation
2022-01-22 12:05:43,021 INFO o.a.j.JMeter: Version 5.4.3
2022-01-22 12:05:43,022 INFO o.a.j.JMeter: java.version=1.8.0_321
2022-01-22 12:05:43,022 INFO o.a.j.JMeter: java.vm.name=Java HotSpot(TM) Client VM
2022-01-22 12:05:43,022 INFO o.a.j.JMeter: os.name=Windows 10
2022-01-22 12:05:43,022 INFO o.a.j.JMeter: os.arch=x86
2022-01-22 12:05:43,022 INFO o.a.j.JMeter: os.version=10.0
2022-01-22 12:05:43,022 INFO o.a.j.JMeter: file.encoding=Cp1252
2022-01-22 12:05:43,022 INFO o.a.j.JMeter: java.awt.headless=true
2022-01-22 12:05:43,022 INFO o.a.j.JMeter: Max memory     =1073741824
2022-01-22 12:05:43,022 INFO o.a.j.JMeter: Available Processors =8
2022-01-22 12:05:43,028 INFO o.a.j.JMeter: Default Locale=English (EN)
2022-01-22 12:05:43,028 INFO o.a.j.JMeter: JMeter  Locale=English (EN)
2022-01-22 12:05:43,028 INFO o.a.j.JMeter: JMeterHome=C:\Users\user\Downloads\apache-jmeter-5.4.3\apache-jmeter-5.4.3
2022-01-22 12:05:43,028 INFO o.a.j.JMeter: user.dir  =C:\Users\user\Downloads\apache-jmeter-5.4.3\apache-jmeter-5.4.3\bin
2022-01-22 12:05:43,029 INFO o.a.j.JMeter: PWD       =C:\Users\user\Downloads\apache-jmeter-5.4.3\apache-jmeter-5.4.3\bin
2022-01-22 12:05:43,039 INFO o.a.j.JMeter: IP: 10.65.45.239 Name: Mo-Mohseni FullName: Mo-Mohseni.wifi.bcit.ca
2022-01-22 12:05:43,065 INFO o.a.j.r.RmiUtils: System property 'java.rmi.server.hostname' is not defined, using localHost address
2022-01-22 12:05:43,065 INFO o.a.j.r.RmiUtils: Local IP address=10.65.45.239
2022-01-22 12:05:43,753 ERROR o.a.j.JMeter: Giving up, as server failed with:
java.rmi.server.ExportException: Listen failed on port: 0; nested exception is: 
	java.io.FileNotFoundException: rmi_keystore.jks (The system cannot find the file specified)
	at sun.rmi.transport.tcp.TCPTransport.listen(Unknown Source) ~[?:1.8.0_321]
	at sun.rmi.transport.tcp.TCPTransport.exportObject(Unknown Source) ~[?:1.8.0_321]
	at sun.rmi.transport.tcp.TCPEndpoint.exportObject(Unknown Source) ~[?:1.8.0_321]
	at sun.rmi.transport.LiveRef.exportObject(Unknown Source) ~[?:1.8.0_321]
	at sun.rmi.server.UnicastServerRef.exportObject(Unknown Source) ~[?:1.8.0_321]
	at java.rmi.server.UnicastRemoteObject.exportObject(Unknown Source) ~[?:1.8.0_321]
	at java.rmi.server.UnicastRemoteObject.exportObject(Unknown Source) ~[?:1.8.0_321]
	at java.rmi.server.UnicastRemoteObject.<init>(Unknown Source) ~[?:1.8.0_321]
	at org.apache.jmeter.engine.RemoteJMeterEngineImpl.<init>(RemoteJMeterEngineImpl.java:68) ~[ApacheJMeter_core.jar:5.4.3]
	at org.apache.jmeter.engine.RemoteJMeterEngineImpl.startServer(RemoteJMeterEngineImpl.java:74) ~[ApacheJMeter_core.jar:5.4.3]
	at org.apache.jmeter.JMeter.start(JMeter.java:537) [ApacheJMeter_core.jar:5.4.3]
	at sun.reflect.NativeMethodAccessorImpl.invoke0(Native Method) ~[?:1.8.0_321]
	at sun.reflect.NativeMethodAccessorImpl.invoke(Unknown Source) ~[?:1.8.0_321]
	at sun.reflect.DelegatingMethodAccessorImpl.invoke(Unknown Source) ~[?:1.8.0_321]
	at java.lang.reflect.Method.invoke(Unknown Source) ~[?:1.8.0_321]
	at org.apache.jmeter.NewDriver.main(NewDriver.java:254) [ApacheJMeter.jar:5.4.3]
Caused by: java.io.FileNotFoundException: rmi_keystore.jks (The system cannot find the file specified)
	at java.io.FileInputStream.open0(Native Method) ~[?:1.8.0_321]
	at java.io.FileInputStream.open(Unknown Source) ~[?:1.8.0_321]
	at java.io.FileInputStream.<init>(Unknown Source) ~[?:1.8.0_321]
	at java.io.FileInputStream.<init>(Unknown Source) ~[?:1.8.0_321]
	at org.apache.jmeter.rmi.SSLRMIServerSocketFactory.loadStore(SSLRMIServerSocketFactory.java:147) ~[ApacheJMeter_core.jar:5.4.3]
	at org.apache.jmeter.rmi.SSLRMIServerSocketFactory.createServerSocket(SSLRMIServerSocketFactory.java:99) ~[ApacheJMeter_core.jar:5.4.3]
	at sun.rmi.transport.tcp.TCPEndpoint.newServerSocket(Unknown Source) ~[?:1.8.0_321]
	... 16 more
2022-01-22 12:05:43,757 ERROR o.a.j.JMeter: An error occurred: 
java.rmi.server.ExportException: Listen failed on port: 0; nested exception is: 
	java.io.FileNotFoundException: rmi_keystore.jks (The system cannot find the file specified)
	at sun.rmi.transport.tcp.TCPTransport.listen(Unknown Source) ~[?:1.8.0_321]
	at sun.rmi.transport.tcp.TCPTransport.exportObject(Unknown Source) ~[?:1.8.0_321]
	at sun.rmi.transport.tcp.TCPEndpoint.exportObject(Unknown Source) ~[?:1.8.0_321]
	at sun.rmi.transport.LiveRef.exportObject(Unknown Source) ~[?:1.8.0_321]
	at sun.rmi.server.UnicastServerRef.exportObject(Unknown Source) ~[?:1.8.0_321]
	at java.rmi.server.UnicastRemoteObject.exportObject(Unknown Source) ~[?:1.8.0_321]
	at java.rmi.server.UnicastRemoteObject.exportObject(Unknown Source) ~[?:1.8.0_321]
	at java.rmi.server.UnicastRemoteObject.<init>(Unknown Source) ~[?:1.8.0_321]
	at org.apache.jmeter.engine.RemoteJMeterEngineImpl.<init>(RemoteJMeterEngineImpl.java:68) ~[ApacheJMeter_core.jar:5.4.3]
	at org.apache.jmeter.engine.RemoteJMeterEngineImpl.startServer(RemoteJMeterEngineImpl.java:74) ~[ApacheJMeter_core.jar:5.4.3]
	at org.apache.jmeter.JMeter.start(JMeter.java:537) [ApacheJMeter_core.jar:5.4.3]
	at sun.reflect.NativeMethodAccessorImpl.invoke0(Native Method) ~[?:1.8.0_321]
	at sun.reflect.NativeMethodAccessorImpl.invoke(Unknown Source) ~[?:1.8.0_321]
	at sun.reflect.DelegatingMethodAccessorImpl.invoke(Unknown Source) ~[?:1.8.0_321]
	at java.lang.reflect.Method.invoke(Unknown Source) ~[?:1.8.0_321]
	at org.apache.jmeter.NewDriver.main(NewDriver.java:254) [ApacheJMeter.jar:5.4.3]
Caused by: java.io.FileNotFoundException: rmi_keystore.jks (The system cannot find the file specified)
	at java.io.FileInputStream.open0(Native Method) ~[?:1.8.0_321]
	at java.io.FileInputStream.open(Unknown Source) ~[?:1.8.0_321]
	at java.io.FileInputStream.<init>(Unknown Source) ~[?:1.8.0_321]
	at java.io.FileInputStream.<init>(Unknown Source) ~[?:1.8.0_321]
	at org.apache.jmeter.rmi.SSLRMIServerSocketFactory.loadStore(SSLRMIServerSocketFactory.java:147) ~[ApacheJMeter_core.jar:5.4.3]
	at org.apache.jmeter.rmi.SSLRMIServerSocketFactory.createServerSocket(SSLRMIServerSocketFactory.java:99) ~[ApacheJMeter_core.jar:5.4.3]
	at sun.rmi.transport.tcp.TCPEndpoint.newServerSocket(Unknown Source) ~[?:1.8.0_321]
	... 16 more
