2022-01-22 12:06:02,602 INFO o.a.j.u.JMeterUtils: Setting Locale to en_EN
2022-01-22 12:06:02,613 INFO o.a.j.JMeter: Loading user properties from: user.properties
2022-01-22 12:06:02,614 INFO o.a.j.JMeter: Loading system properties from: system.properties
2022-01-22 12:06:02,623 INFO o.a.j.JMeter: Copyright (c) 1998-2021 The Apache Software Foundation
2022-01-22 12:06:02,623 INFO o.a.j.JMeter: Version 5.4.3
2022-01-22 12:06:02,623 INFO o.a.j.JMeter: java.version=1.8.0_321
2022-01-22 12:06:02,623 INFO o.a.j.JMeter: java.vm.name=Java HotSpot(TM) Client VM
2022-01-22 12:06:02,623 INFO o.a.j.JMeter: os.name=Windows 10
2022-01-22 12:06:02,623 INFO o.a.j.JMeter: os.arch=x86
2022-01-22 12:06:02,623 INFO o.a.j.JMeter: os.version=10.0
2022-01-22 12:06:02,623 INFO o.a.j.JMeter: file.encoding=Cp1252
2022-01-22 12:06:02,623 INFO o.a.j.JMeter: java.awt.headless=null
2022-01-22 12:06:02,623 INFO o.a.j.JMeter: Max memory     =1073741824
2022-01-22 12:06:02,624 INFO o.a.j.JMeter: Available Processors =8
2022-01-22 12:06:02,628 INFO o.a.j.JMeter: Default Locale=English (EN)
2022-01-22 12:06:02,629 INFO o.a.j.JMeter: JMeter  Locale=English (EN)
2022-01-22 12:06:02,629 INFO o.a.j.JMeter: JMeterHome=C:\Users\user\Downloads\apache-jmeter-5.4.3\apache-jmeter-5.4.3
2022-01-22 12:06:02,629 INFO o.a.j.JMeter: user.dir  =C:\Users\user\Downloads\apache-jmeter-5.4.3\apache-jmeter-5.4.3\bin
2022-01-22 12:06:02,629 INFO o.a.j.JMeter: PWD       =C:\Users\user\Downloads\apache-jmeter-5.4.3\apache-jmeter-5.4.3\bin
2022-01-22 12:06:02,631 INFO o.a.j.JMeter: IP: 10.65.45.239 Name: Mo-Mohseni FullName: Mo-Mohseni.wifi.bcit.ca
2022-01-22 12:06:02,768 INFO o.a.j.JMeter: Setting LAF to: com.github.weisj.darklaf.DarkLaf:com.github.weisj.darklaf.theme.DarculaTheme
2022-01-22 12:06:03,422 INFO o.a.j.JMeter: Loaded icon properties from org/apache/jmeter/images/icon.properties
